c:\users\adam\documents\visual studio 2017\projects\opengl_00\opengl_00\debug\vc141.pdb
c:\users\adam\documents\visual studio 2017\projects\opengl_00\opengl_00\debug\vc141.idb
c:\users\adam\documents\visual studio 2017\projects\opengl_00\opengl_00\debug\application.obj
c:\users\adam\documents\visual studio 2017\projects\opengl_00\opengl_00\debug\indexbuffer.obj
c:\users\adam\documents\visual studio 2017\projects\opengl_00\opengl_00\debug\renderer.obj
c:\users\adam\documents\visual studio 2017\projects\opengl_00\opengl_00\debug\vertexarray.obj
c:\users\adam\documents\visual studio 2017\projects\opengl_00\opengl_00\debug\vertexbuffer.obj
c:\users\adam\documents\visual studio 2017\projects\opengl_00\opengl_00\debug\vertexbufferlayout.obj
c:\users\adam\documents\visual studio 2017\projects\opengl_00\debug\opengl_00.exe
c:\users\adam\documents\visual studio 2017\projects\opengl_00\debug\opengl_00.ilk
c:\users\adam\documents\visual studio 2017\projects\opengl_00\debug\opengl_00.pdb
c:\users\adam\documents\visual studio 2017\projects\opengl_00\opengl_00\debug\opengl_00.res
c:\users\adam\documents\visual studio 2017\projects\opengl_00\opengl_00\debug\opengl_00.tlog\cl.command.1.tlog
c:\users\adam\documents\visual studio 2017\projects\opengl_00\opengl_00\debug\opengl_00.tlog\cl.read.1.tlog
c:\users\adam\documents\visual studio 2017\projects\opengl_00\opengl_00\debug\opengl_00.tlog\cl.write.1.tlog
c:\users\adam\documents\visual studio 2017\projects\opengl_00\opengl_00\debug\opengl_00.tlog\link.command.1.tlog
c:\users\adam\documents\visual studio 2017\projects\opengl_00\opengl_00\debug\opengl_00.tlog\link.read.1.tlog
c:\users\adam\documents\visual studio 2017\projects\opengl_00\opengl_00\debug\opengl_00.tlog\link.write.1.tlog
c:\users\adam\documents\visual studio 2017\projects\opengl_00\opengl_00\debug\opengl_00.tlog\rc.command.1.tlog
c:\users\adam\documents\visual studio 2017\projects\opengl_00\opengl_00\debug\opengl_00.tlog\rc.read.1.tlog
c:\users\adam\documents\visual studio 2017\projects\opengl_00\opengl_00\debug\opengl_00.tlog\rc.write.1.tlog
